<?xml version="1.0" encoding="UTF-8"?>
<!-- Generated by org.testng.reporters.JUnitXMLReporter -->
<testsuite ignored="0" hostname="Nag" failures="0" tests="5" name="ChromeTest" time="18.629" errors="0" timestamp="2024-04-27T20:52:29 IST">
  <testcase classname="apr5.CrossbrowserTesting" name="verify_Login" time="4.162"/>
  <testcase classname="apr5.CrossbrowserTesting" name="verify_Login" time="2.906"/>
  <testcase classname="apr5.CrossbrowserTesting" name="verify_Login" time="3.099"/>
  <testcase classname="apr5.CrossbrowserTesting" name="verify_Login" time="2.753"/>
  <testcase classname="apr5.CrossbrowserTesting" name="verify_Login" time="3.248"/>
</testsuite> <!-- ChromeTest -->
