<?xml version="1.0" encoding="UTF-8"?>
<!-- Generated by org.testng.reporters.JUnitXMLReporter -->
<testsuite ignored="0" hostname="Nag" failures="0" tests="5" name="FirefoxTest" time="20.938" errors="0" timestamp="2024-04-27T20:52:50 IST">
  <testcase classname="apr5.CrossbrowserTesting" name="verify_Login" time="3.9"/>
  <testcase classname="apr5.CrossbrowserTesting" name="verify_Login" time="2.921"/>
  <testcase classname="apr5.CrossbrowserTesting" name="verify_Login" time="3.096"/>
  <testcase classname="apr5.CrossbrowserTesting" name="verify_Login" time="2.564"/>
  <testcase classname="apr5.CrossbrowserTesting" name="verify_Login" time="3.644"/>
</testsuite> <!-- FirefoxTest -->
