<?xml version="1.0" encoding="UTF-8"?>
<!-- Generated by org.testng.reporters.JUnitXMLReporter -->
<testsuite ignored="0" hostname="Nag" failures="0" tests="6" name="Test2" time="16.52" errors="0" timestamp="2024-04-27T17:49:38 IST">
  <testcase classname="apr3.BeforeTestNGClass" name="cbanking" time="0.309"/>
  <testcase classname="apr3.BeforeTestNGClass" name="ibanking" time="0.335"/>
  <testcase classname="apr3.BeforeTestNGClass" name="pbanking" time="0.63"/>
  <testcase classname="apr3.BeforeMethodTestNGClass" name="admin" time="0.458"/>
  <testcase classname="apr3.BeforeMethodTestNGClass" name="leave" time="0.51"/>
  <testcase classname="apr3.BeforeMethodTestNGClass" name="pim" time="0.855"/>
</testsuite> <!-- Test2 -->
