<?xml version="1.0" encoding="UTF-8"?>
<!-- Generated by org.testng.reporters.JUnitXMLReporter -->
<testsuite ignored="0" hostname="Nag" failures="0" tests="10" name="Test1" time="31.31" errors="0" timestamp="2024-04-27T17:49:22 IST">
  <testcase classname="apr2.FirstClass" name="compose" time="0.006"/>
  <testcase classname="apr2.FirstClass" name="login" time="0.001"/>
  <testcase classname="apr2.FirstClass" name="reply" time="0.003"/>
  <testcase classname="apr3.InvocationCountTestNgClass" name="pim" time="0.523"/>
  <testcase classname="apr3.InvocationCountTestNgClass" name="leave" time="0.586"/>
  <testcase classname="apr3.InvocationCountTestNgClass" name="admin" time="0.867"/>
  <testcase classname="apr3.InvocationCountTestNgClass" name="admin" time="0.454"/>
  <testcase classname="apr3.InvocationCountTestNgClass" name="admin" time="0.493"/>
  <testcase classname="apr3.InvocationCountTestNgClass" name="admin" time="0.766"/>
  <testcase classname="apr3.InvocationCountTestNgClass" name="admin" time="0.747"/>
</testsuite> <!-- Test1 -->
