<?xml version="1.0" encoding="UTF-8"?>
<!-- Generated by org.testng.reporters.JUnitXMLReporter -->
<testsuite ignored="2" hostname="Nag" failures="0" tests="7" name="Test3" time="31.051" errors="0" timestamp="2024-04-27T17:50:09 IST">
  <testcase classname="apr3.PriorityIgnoreTestNgClass" name="leave" time="0.837"/>
  <testcase classname="apr3.PriorityIgnoreTestNgClass" name="admin" time="0.489"/>
  <testcase classname="apr3.IgnoreTcTestNGClass" name="admin" time="0.773"/>
  <testcase classname="apr3.IgnoreTcTestNGClass" name="leave" time="0.874"/>
  <testcase classname="apr3.PriorityTestNGClass" name="pim" time="0.535"/>
  <testcase classname="apr3.PriorityTestNGClass" name="leave" time="1.13"/>
  <testcase classname="apr3.PriorityTestNGClass" name="admin" time="0.789"/>
  <testcase classname="apr3.IgnoreTcTestNGClass" name="pim" time="0.0">
    <ignored/>
  </testcase> <!-- pim -->
  <testcase classname="apr3.PriorityIgnoreTestNgClass" name="pim" time="0.0">
    <ignored/>
  </testcase> <!-- pim -->
</testsuite> <!-- Test3 -->
