<?xml version="1.0" encoding="UTF-8"?>
<testng-results ignored="0" total="1" passed="1" failed="0" skipped="0">
  <reporter-output>
    <line>
      <![CDATA[Title is Matching expected [false] but found [true]]]>
    </line>
  </reporter-output>
  <suite started-at="2024-05-05T13:55:51 IST" name="Default suite" finished-at="2024-05-05T13:55:56 IST" duration-ms="4266">
    <groups>
    </groups>
    <test started-at="2024-05-05T13:55:51 IST" name="Default test" finished-at="2024-05-05T13:55:56 IST" duration-ms="4266">
      <class name="apr5.AssertFalse">
        <test-method signature="startTest()[pri:0, instance:apr5.AssertFalse@a2431d0]" started-at="2024-05-05T13:55:51 IST" name="startTest" finished-at="2024-05-05T13:55:56 IST" duration-ms="4228" status="PASS">
          <reporter-output>
            <line>
              <![CDATA[Title is Matching expected [false] but found [true]]]>
            </line>
          </reporter-output>
        </test-method> <!-- startTest -->
      </class> <!-- apr5.AssertFalse -->
    </test> <!-- Default test -->
  </suite> <!-- Default suite -->
</testng-results>
