<?xml version="1.0" encoding="UTF-8"?>
<!-- Generated by org.testng.reporters.JUnitXMLReporter -->
<testsuite ignored="2" hostname="Nag" failures="0" tests="20" name="testngReports" time="74.91" errors="0" timestamp="2024-04-27T16:58:57 IST">
  <testcase classname="apr3.BeforeMethodTestNGClass" name="admin" time="0.502"/>
  <testcase classname="apr3.BeforeMethodTestNGClass" name="leave" time="0.805"/>
  <testcase classname="apr3.BeforeMethodTestNGClass" name="pim" time="0.594"/>
  <testcase classname="apr3.BeforeTestNGClass" name="cbanking" time="0.702"/>
  <testcase classname="apr3.BeforeTestNGClass" name="ibanking" time="0.401"/>
  <testcase classname="apr3.BeforeTestNGClass" name="pbanking" time="0.788"/>
  <testcase classname="apr3.IgnoreTcTestNGClass" name="admin" time="0.779"/>
  <testcase classname="apr3.IgnoreTcTestNGClass" name="leave" time="0.833"/>
  <testcase classname="apr3.InvocationCountTestNgClass" name="pim" time="0.527"/>
  <testcase classname="apr3.InvocationCountTestNgClass" name="leave" time="0.797"/>
  <testcase classname="apr3.InvocationCountTestNgClass" name="admin" time="0.5"/>
  <testcase classname="apr3.InvocationCountTestNgClass" name="admin" time="0.49"/>
  <testcase classname="apr3.InvocationCountTestNgClass" name="admin" time="0.485"/>
  <testcase classname="apr3.InvocationCountTestNgClass" name="admin" time="0.796"/>
  <testcase classname="apr3.InvocationCountTestNgClass" name="admin" time="0.761"/>
  <testcase classname="apr3.PriorityIgnoreTestNgClass" name="leave" time="0.625"/>
  <testcase classname="apr3.PriorityIgnoreTestNgClass" name="admin" time="0.473"/>
  <testcase classname="apr3.PriorityTestNGClass" name="pim" time="0.785"/>
  <testcase classname="apr3.PriorityTestNGClass" name="leave" time="0.816"/>
  <testcase classname="apr3.PriorityTestNGClass" name="admin" time="0.783"/>
  <testcase classname="apr3.IgnoreTcTestNGClass" name="pim" time="0.0">
    <ignored/>
  </testcase> <!-- pim -->
  <testcase classname="apr3.PriorityIgnoreTestNgClass" name="pim" time="0.0">
    <ignored/>
  </testcase> <!-- pim -->
</testsuite> <!-- testngReports -->
